CRITICAL - 2022-11-16 04:26:53 --> Call to a member function where() on string
in APPPATH/Views/dashboard/_partials/form/form.php on line 32.
 1 SYSTEMPATH/View/View.php(213): include()
 2 SYSTEMPATH/View/View.php(216): CodeIgniter\View\View->CodeIgniter\View\{closure}()
 3 SYSTEMPATH/View/View.php(431): CodeIgniter\View\View->render()
 4 APPPATH/Views/stok/stok.php(68): CodeIgniter\View\View->include()
 5 SYSTEMPATH/View/View.php(213): include('APPPATH/Views/stok/stok.php')
 6 SYSTEMPATH/View/View.php(216): CodeIgniter\View\View->CodeIgniter\View\{closure}()
 7 SYSTEMPATH/Common.php(1134): CodeIgniter\View\View->render()
 8 APPPATH/Controllers/Base/Home.php(94): view()
 9 SYSTEMPATH/CodeIgniter.php(927): App\Controllers\Base\Home->barang()
10 SYSTEMPATH/CodeIgniter.php(482): CodeIgniter\CodeIgniter->runController()
11 SYSTEMPATH/CodeIgniter.php(351): CodeIgniter\CodeIgniter->handleRequest()
12 FCPATH/index.php(67): CodeIgniter\CodeIgniter->run()
13 SYSTEMPATH/Commands/Server/rewrite.php(46): require_once('FCPATH/index.php')
CRITICAL - 2022-11-16 04:27:46 --> Undefined array key "qty"
in APPPATH/Views/dashboard/_partials/form/form.php on line 32.
 1 APPPATH/Views/dashboard/_partials/form/form.php(32): CodeIgniter\Debug\Exceptions->errorHandler()
 2 SYSTEMPATH/View/View.php(213): include('APPPATH/Views/dashboard/_partials/form/form.php')
 3 SYSTEMPATH/View/View.php(216): CodeIgniter\View\View->CodeIgniter\View\{closure}()
 4 SYSTEMPATH/View/View.php(431): CodeIgniter\View\View->render()
 5 APPPATH/Views/stok/stok.php(68): CodeIgniter\View\View->include()
 6 SYSTEMPATH/View/View.php(213): include('APPPATH/Views/stok/stok.php')
 7 SYSTEMPATH/View/View.php(216): CodeIgniter\View\View->CodeIgniter\View\{closure}()
 8 SYSTEMPATH/Common.php(1134): CodeIgniter\View\View->render()
 9 APPPATH/Controllers/Base/Home.php(94): view()
10 SYSTEMPATH/CodeIgniter.php(927): App\Controllers\Base\Home->barang()
11 SYSTEMPATH/CodeIgniter.php(482): CodeIgniter\CodeIgniter->runController()
12 SYSTEMPATH/CodeIgniter.php(351): CodeIgniter\CodeIgniter->handleRequest()
13 FCPATH/index.php(67): CodeIgniter\CodeIgniter->run()
14 SYSTEMPATH/Commands/Server/rewrite.php(46): require_once('FCPATH/index.php')
CRITICAL - 2022-11-16 04:27:48 --> Undefined array key "qty"
in APPPATH/Views/dashboard/_partials/form/form.php on line 32.
 1 APPPATH/Views/dashboard/_partials/form/form.php(32): CodeIgniter\Debug\Exceptions->errorHandler()
 2 SYSTEMPATH/View/View.php(213): include('APPPATH/Views/dashboard/_partials/form/form.php')
 3 SYSTEMPATH/View/View.php(216): CodeIgniter\View\View->CodeIgniter\View\{closure}()
 4 SYSTEMPATH/View/View.php(431): CodeIgniter\View\View->render()
 5 APPPATH/Views/stok/stok.php(68): CodeIgniter\View\View->include()
 6 SYSTEMPATH/View/View.php(213): include('APPPATH/Views/stok/stok.php')
 7 SYSTEMPATH/View/View.php(216): CodeIgniter\View\View->CodeIgniter\View\{closure}()
 8 SYSTEMPATH/Common.php(1134): CodeIgniter\View\View->render()
 9 APPPATH/Controllers/Base/Home.php(94): view()
10 SYSTEMPATH/CodeIgniter.php(927): App\Controllers\Base\Home->barang()
11 SYSTEMPATH/CodeIgniter.php(482): CodeIgniter\CodeIgniter->runController()
12 SYSTEMPATH/CodeIgniter.php(351): CodeIgniter\CodeIgniter->handleRequest()
13 FCPATH/index.php(67): CodeIgniter\CodeIgniter->run()
14 SYSTEMPATH/Commands/Server/rewrite.php(46): require_once('FCPATH/index.php')
CRITICAL - 2022-11-16 04:28:27 --> Undefined array key "bonteng"
in APPPATH/Views/dashboard/_partials/form/form.php on line 32.
 1 APPPATH/Views/dashboard/_partials/form/form.php(32): CodeIgniter\Debug\Exceptions->errorHandler()
 2 SYSTEMPATH/View/View.php(213): include('APPPATH/Views/dashboard/_partials/form/form.php')
 3 SYSTEMPATH/View/View.php(216): CodeIgniter\View\View->CodeIgniter\View\{closure}()
 4 SYSTEMPATH/View/View.php(431): CodeIgniter\View\View->render()
 5 APPPATH/Views/stok/stok.php(68): CodeIgniter\View\View->include()
 6 SYSTEMPATH/View/View.php(213): include('APPPATH/Views/stok/stok.php')
 7 SYSTEMPATH/View/View.php(216): CodeIgniter\View\View->CodeIgniter\View\{closure}()
 8 SYSTEMPATH/Common.php(1134): CodeIgniter\View\View->render()
 9 APPPATH/Controllers/Base/Home.php(94): view()
10 SYSTEMPATH/CodeIgniter.php(927): App\Controllers\Base\Home->barang()
11 SYSTEMPATH/CodeIgniter.php(482): CodeIgniter\CodeIgniter->runController()
12 SYSTEMPATH/CodeIgniter.php(351): CodeIgniter\CodeIgniter->handleRequest()
13 FCPATH/index.php(67): CodeIgniter\CodeIgniter->run()
14 SYSTEMPATH/Commands/Server/rewrite.php(46): require_once('FCPATH/index.php')
CRITICAL - 2022-11-16 04:30:10 --> Call to a member function where() on string
in APPPATH/Views/dashboard/_partials/form/form.php on line 18.
 1 SYSTEMPATH/View/View.php(213): include()
 2 SYSTEMPATH/View/View.php(216): CodeIgniter\View\View->CodeIgniter\View\{closure}()
 3 SYSTEMPATH/View/View.php(431): CodeIgniter\View\View->render()
 4 APPPATH/Views/stok/stok.php(68): CodeIgniter\View\View->include()
 5 SYSTEMPATH/View/View.php(213): include('APPPATH/Views/stok/stok.php')
 6 SYSTEMPATH/View/View.php(216): CodeIgniter\View\View->CodeIgniter\View\{closure}()
 7 SYSTEMPATH/Common.php(1134): CodeIgniter\View\View->render()
 8 APPPATH/Controllers/Base/Home.php(94): view()
 9 SYSTEMPATH/CodeIgniter.php(927): App\Controllers\Base\Home->barang()
10 SYSTEMPATH/CodeIgniter.php(482): CodeIgniter\CodeIgniter->runController()
11 SYSTEMPATH/CodeIgniter.php(351): CodeIgniter\CodeIgniter->handleRequest()
12 FCPATH/index.php(67): CodeIgniter\CodeIgniter->run()
13 SYSTEMPATH/Commands/Server/rewrite.php(46): require_once('FCPATH/index.php')
CRITICAL - 2022-11-16 04:30:11 --> Call to a member function where() on string
in APPPATH/Views/dashboard/_partials/form/form.php on line 18.
 1 SYSTEMPATH/View/View.php(213): include()
 2 SYSTEMPATH/View/View.php(216): CodeIgniter\View\View->CodeIgniter\View\{closure}()
 3 SYSTEMPATH/View/View.php(431): CodeIgniter\View\View->render()
 4 APPPATH/Views/stok/stok.php(68): CodeIgniter\View\View->include()
 5 SYSTEMPATH/View/View.php(213): include('APPPATH/Views/stok/stok.php')
 6 SYSTEMPATH/View/View.php(216): CodeIgniter\View\View->CodeIgniter\View\{closure}()
 7 SYSTEMPATH/Common.php(1134): CodeIgniter\View\View->render()
 8 APPPATH/Controllers/Base/Home.php(94): view()
 9 SYSTEMPATH/CodeIgniter.php(927): App\Controllers\Base\Home->barang()
10 SYSTEMPATH/CodeIgniter.php(482): CodeIgniter\CodeIgniter->runController()
11 SYSTEMPATH/CodeIgniter.php(351): CodeIgniter\CodeIgniter->handleRequest()
12 FCPATH/index.php(67): CodeIgniter\CodeIgniter->run()
13 SYSTEMPATH/Commands/Server/rewrite.php(46): require_once('FCPATH/index.php')
CRITICAL - 2022-11-16 04:32:11 --> Call to a member function where() on array
in APPPATH/Views/dashboard/_partials/form/form.php on line 18.
 1 SYSTEMPATH/View/View.php(213): include()
 2 SYSTEMPATH/View/View.php(216): CodeIgniter\View\View->CodeIgniter\View\{closure}()
 3 SYSTEMPATH/View/View.php(431): CodeIgniter\View\View->render()
 4 APPPATH/Views/stok/stok.php(68): CodeIgniter\View\View->include()
 5 SYSTEMPATH/View/View.php(213): include('APPPATH/Views/stok/stok.php')
 6 SYSTEMPATH/View/View.php(216): CodeIgniter\View\View->CodeIgniter\View\{closure}()
 7 SYSTEMPATH/Common.php(1134): CodeIgniter\View\View->render()
 8 APPPATH/Controllers/Base/Home.php(94): view()
 9 SYSTEMPATH/CodeIgniter.php(927): App\Controllers\Base\Home->barang()
10 SYSTEMPATH/CodeIgniter.php(482): CodeIgniter\CodeIgniter->runController()
11 SYSTEMPATH/CodeIgniter.php(351): CodeIgniter\CodeIgniter->handleRequest()
12 FCPATH/index.php(67): CodeIgniter\CodeIgniter->run()
13 SYSTEMPATH/Commands/Server/rewrite.php(46): require_once('FCPATH/index.php')
CRITICAL - 2022-11-16 04:35:09 --> Call to a member function where() on array
in APPPATH/Views/dashboard/_partials/form/form.php on line 23.
 1 SYSTEMPATH/View/View.php(213): include()
 2 SYSTEMPATH/View/View.php(216): CodeIgniter\View\View->CodeIgniter\View\{closure}()
 3 SYSTEMPATH/View/View.php(431): CodeIgniter\View\View->render()
 4 APPPATH/Views/stok/stok.php(68): CodeIgniter\View\View->include()
 5 SYSTEMPATH/View/View.php(213): include('APPPATH/Views/stok/stok.php')
 6 SYSTEMPATH/View/View.php(216): CodeIgniter\View\View->CodeIgniter\View\{closure}()
 7 SYSTEMPATH/Common.php(1134): CodeIgniter\View\View->render()
 8 APPPATH/Controllers/Base/Home.php(94): view()
 9 SYSTEMPATH/CodeIgniter.php(927): App\Controllers\Base\Home->barang()
10 SYSTEMPATH/CodeIgniter.php(482): CodeIgniter\CodeIgniter->runController()
11 SYSTEMPATH/CodeIgniter.php(351): CodeIgniter\CodeIgniter->handleRequest()
12 FCPATH/index.php(67): CodeIgniter\CodeIgniter->run()
13 SYSTEMPATH/Commands/Server/rewrite.php(46): require_once('FCPATH/index.php')
CRITICAL - 2022-11-16 05:21:13 --> Undefined array key "status"
in APPPATH/Views/pengiriman/pengiriman.php on line 83.
 1 APPPATH/Views/pengiriman/pengiriman.php(83): CodeIgniter\Debug\Exceptions->errorHandler()
 2 SYSTEMPATH/View/View.php(213): include('APPPATH/Views/pengiriman/pengiriman.php')
 3 SYSTEMPATH/View/View.php(216): CodeIgniter\View\View->CodeIgniter\View\{closure}()
 4 SYSTEMPATH/Common.php(1134): CodeIgniter\View\View->render()
 5 APPPATH/Controllers/Base/Home.php(286): view()
 6 SYSTEMPATH/CodeIgniter.php(927): App\Controllers\Base\Home->pengiriman()
 7 SYSTEMPATH/CodeIgniter.php(482): CodeIgniter\CodeIgniter->runController()
 8 SYSTEMPATH/CodeIgniter.php(351): CodeIgniter\CodeIgniter->handleRequest()
 9 FCPATH/index.php(67): CodeIgniter\CodeIgniter->run()
10 SYSTEMPATH/Commands/Server/rewrite.php(46): require_once('FCPATH/index.php')
CRITICAL - 2022-11-16 07:03:48 --> Array to string conversion
in APPPATH/Models/barang/Pengiriman.php on line 26.
 1 APPPATH/Models/barang/Pengiriman.php(26): CodeIgniter\Debug\Exceptions->errorHandler()
 2 APPPATH/Controllers/Base/Home.php(283): App\Models\barang\Pengiriman->get_status()
 3 SYSTEMPATH/CodeIgniter.php(927): App\Controllers\Base\Home->pengiriman()
 4 SYSTEMPATH/CodeIgniter.php(482): CodeIgniter\CodeIgniter->runController()
 5 SYSTEMPATH/CodeIgniter.php(351): CodeIgniter\CodeIgniter->handleRequest()
 6 FCPATH/index.php(67): CodeIgniter\CodeIgniter->run()
 7 SYSTEMPATH/Commands/Server/rewrite.php(46): require_once('FCPATH/index.php')
CRITICAL - 2022-11-16 07:04:26 --> trim(): Argument #1 ($string) must be of type string, array given
in SYSTEMPATH/Database/BaseBuilder.php on line 388.
 1 SYSTEMPATH/Database/BaseBuilder.php(388): trim()
 2 APPPATH/Models/barang/Pengiriman.php(26): CodeIgniter\Database\BaseBuilder->select()
 3 APPPATH/Controllers/Base/Home.php(283): App\Models\barang\Pengiriman->get_status()
 4 SYSTEMPATH/CodeIgniter.php(927): App\Controllers\Base\Home->pengiriman()
 5 SYSTEMPATH/CodeIgniter.php(482): CodeIgniter\CodeIgniter->runController()
 6 SYSTEMPATH/CodeIgniter.php(351): CodeIgniter\CodeIgniter->handleRequest()
 7 FCPATH/index.php(67): CodeIgniter\CodeIgniter->run()
 8 SYSTEMPATH/Commands/Server/rewrite.php(46): require_once('FCPATH/index.php')
ERROR - 2022-11-16 07:04:50 --> mysqli_sql_exception: You have an error in your SQL syntax; check the manual that corresponds to your MySQL server version for the right syntax to use near ':0:
AND 1 = :1:
AND 2 = :2:
AND 3 = :3:
AND 4 = :4:
AND 5 = :5:
AND 6 = :6:
AND ' at line 3 in /var/www/html/CI4-adminLTE3-Auth-starter/vendor/codeigniter4/framework/system/Database/MySQLi/Connection.php:292
Stack trace:
#0 /var/www/html/CI4-adminLTE3-Auth-starter/vendor/codeigniter4/framework/system/Database/MySQLi/Connection.php(292): mysqli->query()
#1 /var/www/html/CI4-adminLTE3-Auth-starter/vendor/codeigniter4/framework/system/Database/BaseConnection.php(666): CodeIgniter\Database\MySQLi\Connection->execute()
#2 /var/www/html/CI4-adminLTE3-Auth-starter/vendor/codeigniter4/framework/system/Database/BaseConnection.php(593): CodeIgniter\Database\BaseConnection->simpleQuery()
#3 /var/www/html/CI4-adminLTE3-Auth-starter/vendor/codeigniter4/framework/system/Database/BaseBuilder.php(1585): CodeIgniter\Database\BaseConnection->query()
#4 /var/www/html/CI4-adminLTE3-Auth-starter/app/Models/barang/Pengiriman.php(28): CodeIgniter\Database\BaseBuilder->get()
#5 /var/www/html/CI4-adminLTE3-Auth-starter/app/Controllers/Base/Home.php(283): App\Models\barang\Pengiriman->get_status()
#6 /var/www/html/CI4-adminLTE3-Auth-starter/vendor/codeigniter4/framework/system/CodeIgniter.php(927): App\Controllers\Base\Home->pengiriman()
#7 /var/www/html/CI4-adminLTE3-Auth-starter/vendor/codeigniter4/framework/system/CodeIgniter.php(482): CodeIgniter\CodeIgniter->runController()
#8 /var/www/html/CI4-adminLTE3-Auth-starter/vendor/codeigniter4/framework/system/CodeIgniter.php(351): CodeIgniter\CodeIgniter->handleRequest()
#9 /var/www/html/CI4-adminLTE3-Auth-starter/public/index.php(67): CodeIgniter\CodeIgniter->run()
#10 /var/www/html/CI4-adminLTE3-Auth-starter/vendor/codeigniter4/framework/system/Commands/Server/rewrite.php(46): require_once('...')
#11 {main}
CRITICAL - 2022-11-16 07:04:50 --> You have an error in your SQL syntax; check the manual that corresponds to your MySQL server version for the right syntax to use near ':0:
AND 1 = :1:
AND 2 = :2:
AND 3 = :3:
AND 4 = :4:
AND 5 = :5:
AND 6 = :6:
AND ' at line 3
in SYSTEMPATH/Database/MySQLi/Connection.php on line 292.
 1 SYSTEMPATH/Database/MySQLi/Connection.php(292): mysqli->query()
 2 SYSTEMPATH/Database/BaseConnection.php(666): CodeIgniter\Database\MySQLi\Connection->execute()
 3 SYSTEMPATH/Database/BaseConnection.php(593): CodeIgniter\Database\BaseConnection->simpleQuery()
 4 SYSTEMPATH/Database/BaseBuilder.php(1585): CodeIgniter\Database\BaseConnection->query()
 5 APPPATH/Models/barang/Pengiriman.php(28): CodeIgniter\Database\BaseBuilder->get()
 6 APPPATH/Controllers/Base/Home.php(283): App\Models\barang\Pengiriman->get_status()
 7 SYSTEMPATH/CodeIgniter.php(927): App\Controllers\Base\Home->pengiriman()
 8 SYSTEMPATH/CodeIgniter.php(482): CodeIgniter\CodeIgniter->runController()
 9 SYSTEMPATH/CodeIgniter.php(351): CodeIgniter\CodeIgniter->handleRequest()
10 FCPATH/index.php(67): CodeIgniter\CodeIgniter->run()
11 SYSTEMPATH/Commands/Server/rewrite.php(46): require_once('FCPATH/index.php')
ERROR - 2022-11-16 19:19:53 --> mysqli_sql_exception: Table 'agrioduct.users' doesn't exist in /var/www/html/CI4-adminLTE3-Auth-starter/vendor/codeigniter4/framework/system/Database/MySQLi/Connection.php:292
Stack trace:
#0 /var/www/html/CI4-adminLTE3-Auth-starter/vendor/codeigniter4/framework/system/Database/MySQLi/Connection.php(292): mysqli->query()
#1 /var/www/html/CI4-adminLTE3-Auth-starter/vendor/codeigniter4/framework/system/Database/BaseConnection.php(666): CodeIgniter\Database\MySQLi\Connection->execute()
#2 /var/www/html/CI4-adminLTE3-Auth-starter/vendor/codeigniter4/framework/system/Database/BaseConnection.php(593): CodeIgniter\Database\BaseConnection->simpleQuery()
#3 /var/www/html/CI4-adminLTE3-Auth-starter/vendor/codeigniter4/framework/system/Database/BaseBuilder.php(1585): CodeIgniter\Database\BaseConnection->query()
#4 /var/www/html/CI4-adminLTE3-Auth-starter/vendor/codeigniter4/framework/system/Model.php(250): CodeIgniter\Database\BaseBuilder->get()
#5 /var/www/html/CI4-adminLTE3-Auth-starter/vendor/codeigniter4/framework/system/BaseModel.php(623): CodeIgniter\Model->doFirst()
#6 /var/www/html/CI4-adminLTE3-Auth-starter/app/Controllers/AuthController.php(213): CodeIgniter\BaseModel->first()
#7 /var/www/html/CI4-adminLTE3-Auth-starter/vendor/codeigniter4/framework/system/CodeIgniter.php(927): App\Controllers\AuthController->forgot_password()
#8 /var/www/html/CI4-adminLTE3-Auth-starter/vendor/codeigniter4/framework/system/CodeIgniter.php(482): CodeIgniter\CodeIgniter->runController()
#9 /var/www/html/CI4-adminLTE3-Auth-starter/vendor/codeigniter4/framework/system/CodeIgniter.php(351): CodeIgniter\CodeIgniter->handleRequest()
#10 /var/www/html/CI4-adminLTE3-Auth-starter/public/index.php(67): CodeIgniter\CodeIgniter->run()
#11 /var/www/html/CI4-adminLTE3-Auth-starter/vendor/codeigniter4/framework/system/Commands/Server/rewrite.php(46): require_once('...')
#12 {main}
CRITICAL - 2022-11-16 19:19:53 --> Table 'agrioduct.users' doesn't exist
in SYSTEMPATH/Database/MySQLi/Connection.php on line 292.
 1 SYSTEMPATH/Database/MySQLi/Connection.php(292): mysqli->query()
 2 SYSTEMPATH/Database/BaseConnection.php(666): CodeIgniter\Database\MySQLi\Connection->execute()
 3 SYSTEMPATH/Database/BaseConnection.php(593): CodeIgniter\Database\BaseConnection->simpleQuery()
 4 SYSTEMPATH/Database/BaseBuilder.php(1585): CodeIgniter\Database\BaseConnection->query()
 5 SYSTEMPATH/Model.php(250): CodeIgniter\Database\BaseBuilder->get()
 6 SYSTEMPATH/BaseModel.php(623): CodeIgniter\Model->doFirst()
 7 APPPATH/Controllers/AuthController.php(213): CodeIgniter\BaseModel->first()
 8 SYSTEMPATH/CodeIgniter.php(927): App\Controllers\AuthController->forgot_password()
 9 SYSTEMPATH/CodeIgniter.php(482): CodeIgniter\CodeIgniter->runController()
10 SYSTEMPATH/CodeIgniter.php(351): CodeIgniter\CodeIgniter->handleRequest()
11 FCPATH/index.php(67): CodeIgniter\CodeIgniter->run()
12 SYSTEMPATH/Commands/Server/rewrite.php(46): require_once('FCPATH/index.php')
ERROR - 2022-11-16 20:38:08 --> mysqli_sql_exception: Unknown column 'lokasi' in 'field list' in /var/www/html/CI4-adminLTE3-Auth-starter/vendor/codeigniter4/framework/system/Database/MySQLi/Connection.php:292
Stack trace:
#0 /var/www/html/CI4-adminLTE3-Auth-starter/vendor/codeigniter4/framework/system/Database/MySQLi/Connection.php(292): mysqli->query()
#1 /var/www/html/CI4-adminLTE3-Auth-starter/vendor/codeigniter4/framework/system/Database/BaseConnection.php(666): CodeIgniter\Database\MySQLi\Connection->execute()
#2 /var/www/html/CI4-adminLTE3-Auth-starter/vendor/codeigniter4/framework/system/Database/BaseConnection.php(593): CodeIgniter\Database\BaseConnection->simpleQuery()
#3 /var/www/html/CI4-adminLTE3-Auth-starter/vendor/codeigniter4/framework/system/Database/BaseBuilder.php(1585): CodeIgniter\Database\BaseConnection->query()
#4 /var/www/html/CI4-adminLTE3-Auth-starter/vendor/codeigniter4/framework/system/Model.php(185): CodeIgniter\Database\BaseBuilder->get()
#5 /var/www/html/CI4-adminLTE3-Auth-starter/vendor/codeigniter4/framework/system/BaseModel.php(524): CodeIgniter\Model->doFind()
#6 /var/www/html/CI4-adminLTE3-Auth-starter/vendor/codeigniter4/framework/system/Model.php(201): CodeIgniter\BaseModel->find()
#7 /var/www/html/CI4-adminLTE3-Auth-starter/vendor/codeigniter4/framework/system/BaseModel.php(555): CodeIgniter\Model->doFindColumn()
#8 /var/www/html/CI4-adminLTE3-Auth-starter/app/Controllers/Base/Home.php(282): CodeIgniter\BaseModel->findColumn()
#9 /var/www/html/CI4-adminLTE3-Auth-starter/vendor/codeigniter4/framework/system/CodeIgniter.php(927): App\Controllers\Base\Home->pengiriman()
#10 /var/www/html/CI4-adminLTE3-Auth-starter/vendor/codeigniter4/framework/system/CodeIgniter.php(482): CodeIgniter\CodeIgniter->runController()
#11 /var/www/html/CI4-adminLTE3-Auth-starter/vendor/codeigniter4/framework/system/CodeIgniter.php(351): CodeIgniter\CodeIgniter->handleRequest()
#12 /var/www/html/CI4-adminLTE3-Auth-starter/public/index.php(67): CodeIgniter\CodeIgniter->run()
#13 /var/www/html/CI4-adminLTE3-Auth-starter/vendor/codeigniter4/framework/system/Commands/Server/rewrite.php(46): require_once('...')
#14 {main}
CRITICAL - 2022-11-16 20:38:08 --> Unknown column 'lokasi' in 'field list'
in SYSTEMPATH/Database/MySQLi/Connection.php on line 292.
 1 SYSTEMPATH/Database/MySQLi/Connection.php(292): mysqli->query()
 2 SYSTEMPATH/Database/BaseConnection.php(666): CodeIgniter\Database\MySQLi\Connection->execute()
 3 SYSTEMPATH/Database/BaseConnection.php(593): CodeIgniter\Database\BaseConnection->simpleQuery()
 4 SYSTEMPATH/Database/BaseBuilder.php(1585): CodeIgniter\Database\BaseConnection->query()
 5 SYSTEMPATH/Model.php(185): CodeIgniter\Database\BaseBuilder->get()
 6 SYSTEMPATH/BaseModel.php(524): CodeIgniter\Model->doFind()
 7 SYSTEMPATH/Model.php(201): CodeIgniter\BaseModel->find()
 8 SYSTEMPATH/BaseModel.php(555): CodeIgniter\Model->doFindColumn()
 9 APPPATH/Controllers/Base/Home.php(282): CodeIgniter\BaseModel->findColumn()
10 SYSTEMPATH/CodeIgniter.php(927): App\Controllers\Base\Home->pengiriman()
11 SYSTEMPATH/CodeIgniter.php(482): CodeIgniter\CodeIgniter->runController()
12 SYSTEMPATH/CodeIgniter.php(351): CodeIgniter\CodeIgniter->handleRequest()
13 FCPATH/index.php(67): CodeIgniter\CodeIgniter->run()
14 SYSTEMPATH/Commands/Server/rewrite.php(46): require_once('FCPATH/index.php')
ERROR - 2022-11-16 20:38:31 --> mysqli_sql_exception: Unknown column 'lokasi' in 'field list' in /var/www/html/CI4-adminLTE3-Auth-starter/vendor/codeigniter4/framework/system/Database/MySQLi/Connection.php:292
Stack trace:
#0 /var/www/html/CI4-adminLTE3-Auth-starter/vendor/codeigniter4/framework/system/Database/MySQLi/Connection.php(292): mysqli->query()
#1 /var/www/html/CI4-adminLTE3-Auth-starter/vendor/codeigniter4/framework/system/Database/BaseConnection.php(666): CodeIgniter\Database\MySQLi\Connection->execute()
#2 /var/www/html/CI4-adminLTE3-Auth-starter/vendor/codeigniter4/framework/system/Database/BaseConnection.php(593): CodeIgniter\Database\BaseConnection->simpleQuery()
#3 /var/www/html/CI4-adminLTE3-Auth-starter/vendor/codeigniter4/framework/system/Database/BaseBuilder.php(1585): CodeIgniter\Database\BaseConnection->query()
#4 /var/www/html/CI4-adminLTE3-Auth-starter/vendor/codeigniter4/framework/system/Model.php(185): CodeIgniter\Database\BaseBuilder->get()
#5 /var/www/html/CI4-adminLTE3-Auth-starter/vendor/codeigniter4/framework/system/BaseModel.php(524): CodeIgniter\Model->doFind()
#6 /var/www/html/CI4-adminLTE3-Auth-starter/vendor/codeigniter4/framework/system/Model.php(201): CodeIgniter\BaseModel->find()
#7 /var/www/html/CI4-adminLTE3-Auth-starter/vendor/codeigniter4/framework/system/BaseModel.php(555): CodeIgniter\Model->doFindColumn()
#8 /var/www/html/CI4-adminLTE3-Auth-starter/app/Controllers/Base/Home.php(282): CodeIgniter\BaseModel->findColumn()
#9 /var/www/html/CI4-adminLTE3-Auth-starter/vendor/codeigniter4/framework/system/CodeIgniter.php(927): App\Controllers\Base\Home->pengiriman()
#10 /var/www/html/CI4-adminLTE3-Auth-starter/vendor/codeigniter4/framework/system/CodeIgniter.php(482): CodeIgniter\CodeIgniter->runController()
#11 /var/www/html/CI4-adminLTE3-Auth-starter/vendor/codeigniter4/framework/system/CodeIgniter.php(351): CodeIgniter\CodeIgniter->handleRequest()
#12 /var/www/html/CI4-adminLTE3-Auth-starter/public/index.php(67): CodeIgniter\CodeIgniter->run()
#13 /var/www/html/CI4-adminLTE3-Auth-starter/vendor/codeigniter4/framework/system/Commands/Server/rewrite.php(46): require_once('...')
#14 {main}
CRITICAL - 2022-11-16 20:38:31 --> Unknown column 'lokasi' in 'field list'
in SYSTEMPATH/Database/MySQLi/Connection.php on line 292.
 1 SYSTEMPATH/Database/MySQLi/Connection.php(292): mysqli->query()
 2 SYSTEMPATH/Database/BaseConnection.php(666): CodeIgniter\Database\MySQLi\Connection->execute()
 3 SYSTEMPATH/Database/BaseConnection.php(593): CodeIgniter\Database\BaseConnection->simpleQuery()
 4 SYSTEMPATH/Database/BaseBuilder.php(1585): CodeIgniter\Database\BaseConnection->query()
 5 SYSTEMPATH/Model.php(185): CodeIgniter\Database\BaseBuilder->get()
 6 SYSTEMPATH/BaseModel.php(524): CodeIgniter\Model->doFind()
 7 SYSTEMPATH/Model.php(201): CodeIgniter\BaseModel->find()
 8 SYSTEMPATH/BaseModel.php(555): CodeIgniter\Model->doFindColumn()
 9 APPPATH/Controllers/Base/Home.php(282): CodeIgniter\BaseModel->findColumn()
10 SYSTEMPATH/CodeIgniter.php(927): App\Controllers\Base\Home->pengiriman()
11 SYSTEMPATH/CodeIgniter.php(482): CodeIgniter\CodeIgniter->runController()
12 SYSTEMPATH/CodeIgniter.php(351): CodeIgniter\CodeIgniter->handleRequest()
13 FCPATH/index.php(67): CodeIgniter\CodeIgniter->run()
14 SYSTEMPATH/Commands/Server/rewrite.php(46): require_once('FCPATH/index.php')
ERROR - 2022-11-16 20:38:32 --> mysqli_sql_exception: Unknown column 'lokasi' in 'field list' in /var/www/html/CI4-adminLTE3-Auth-starter/vendor/codeigniter4/framework/system/Database/MySQLi/Connection.php:292
Stack trace:
#0 /var/www/html/CI4-adminLTE3-Auth-starter/vendor/codeigniter4/framework/system/Database/MySQLi/Connection.php(292): mysqli->query()
#1 /var/www/html/CI4-adminLTE3-Auth-starter/vendor/codeigniter4/framework/system/Database/BaseConnection.php(666): CodeIgniter\Database\MySQLi\Connection->execute()
#2 /var/www/html/CI4-adminLTE3-Auth-starter/vendor/codeigniter4/framework/system/Database/BaseConnection.php(593): CodeIgniter\Database\BaseConnection->simpleQuery()
#3 /var/www/html/CI4-adminLTE3-Auth-starter/vendor/codeigniter4/framework/system/Database/BaseBuilder.php(1585): CodeIgniter\Database\BaseConnection->query()
#4 /var/www/html/CI4-adminLTE3-Auth-starter/vendor/codeigniter4/framework/system/Model.php(185): CodeIgniter\Database\BaseBuilder->get()
#5 /var/www/html/CI4-adminLTE3-Auth-starter/vendor/codeigniter4/framework/system/BaseModel.php(524): CodeIgniter\Model->doFind()
#6 /var/www/html/CI4-adminLTE3-Auth-starter/vendor/codeigniter4/framework/system/Model.php(201): CodeIgniter\BaseModel->find()
#7 /var/www/html/CI4-adminLTE3-Auth-starter/vendor/codeigniter4/framework/system/BaseModel.php(555): CodeIgniter\Model->doFindColumn()
#8 /var/www/html/CI4-adminLTE3-Auth-starter/app/Controllers/Base/Home.php(282): CodeIgniter\BaseModel->findColumn()
#9 /var/www/html/CI4-adminLTE3-Auth-starter/vendor/codeigniter4/framework/system/CodeIgniter.php(927): App\Controllers\Base\Home->pengiriman()
#10 /var/www/html/CI4-adminLTE3-Auth-starter/vendor/codeigniter4/framework/system/CodeIgniter.php(482): CodeIgniter\CodeIgniter->runController()
#11 /var/www/html/CI4-adminLTE3-Auth-starter/vendor/codeigniter4/framework/system/CodeIgniter.php(351): CodeIgniter\CodeIgniter->handleRequest()
#12 /var/www/html/CI4-adminLTE3-Auth-starter/public/index.php(67): CodeIgniter\CodeIgniter->run()
#13 /var/www/html/CI4-adminLTE3-Auth-starter/vendor/codeigniter4/framework/system/Commands/Server/rewrite.php(46): require_once('...')
#14 {main}
CRITICAL - 2022-11-16 20:38:32 --> Unknown column 'lokasi' in 'field list'
in SYSTEMPATH/Database/MySQLi/Connection.php on line 292.
 1 SYSTEMPATH/Database/MySQLi/Connection.php(292): mysqli->query()
 2 SYSTEMPATH/Database/BaseConnection.php(666): CodeIgniter\Database\MySQLi\Connection->execute()
 3 SYSTEMPATH/Database/BaseConnection.php(593): CodeIgniter\Database\BaseConnection->simpleQuery()
 4 SYSTEMPATH/Database/BaseBuilder.php(1585): CodeIgniter\Database\BaseConnection->query()
 5 SYSTEMPATH/Model.php(185): CodeIgniter\Database\BaseBuilder->get()
 6 SYSTEMPATH/BaseModel.php(524): CodeIgniter\Model->doFind()
 7 SYSTEMPATH/Model.php(201): CodeIgniter\BaseModel->find()
 8 SYSTEMPATH/BaseModel.php(555): CodeIgniter\Model->doFindColumn()
 9 APPPATH/Controllers/Base/Home.php(282): CodeIgniter\BaseModel->findColumn()
10 SYSTEMPATH/CodeIgniter.php(927): App\Controllers\Base\Home->pengiriman()
11 SYSTEMPATH/CodeIgniter.php(482): CodeIgniter\CodeIgniter->runController()
12 SYSTEMPATH/CodeIgniter.php(351): CodeIgniter\CodeIgniter->handleRequest()
13 FCPATH/index.php(67): CodeIgniter\CodeIgniter->run()
14 SYSTEMPATH/Commands/Server/rewrite.php(46): require_once('FCPATH/index.php')
ERROR - 2022-11-16 20:38:33 --> mysqli_sql_exception: Unknown column 'lokasi' in 'field list' in /var/www/html/CI4-adminLTE3-Auth-starter/vendor/codeigniter4/framework/system/Database/MySQLi/Connection.php:292
Stack trace:
#0 /var/www/html/CI4-adminLTE3-Auth-starter/vendor/codeigniter4/framework/system/Database/MySQLi/Connection.php(292): mysqli->query()
#1 /var/www/html/CI4-adminLTE3-Auth-starter/vendor/codeigniter4/framework/system/Database/BaseConnection.php(666): CodeIgniter\Database\MySQLi\Connection->execute()
#2 /var/www/html/CI4-adminLTE3-Auth-starter/vendor/codeigniter4/framework/system/Database/BaseConnection.php(593): CodeIgniter\Database\BaseConnection->simpleQuery()
#3 /var/www/html/CI4-adminLTE3-Auth-starter/vendor/codeigniter4/framework/system/Database/BaseBuilder.php(1585): CodeIgniter\Database\BaseConnection->query()
#4 /var/www/html/CI4-adminLTE3-Auth-starter/vendor/codeigniter4/framework/system/Model.php(185): CodeIgniter\Database\BaseBuilder->get()
#5 /var/www/html/CI4-adminLTE3-Auth-starter/vendor/codeigniter4/framework/system/BaseModel.php(524): CodeIgniter\Model->doFind()
#6 /var/www/html/CI4-adminLTE3-Auth-starter/vendor/codeigniter4/framework/system/Model.php(201): CodeIgniter\BaseModel->find()
#7 /var/www/html/CI4-adminLTE3-Auth-starter/vendor/codeigniter4/framework/system/BaseModel.php(555): CodeIgniter\Model->doFindColumn()
#8 /var/www/html/CI4-adminLTE3-Auth-starter/app/Controllers/Base/Home.php(282): CodeIgniter\BaseModel->findColumn()
#9 /var/www/html/CI4-adminLTE3-Auth-starter/vendor/codeigniter4/framework/system/CodeIgniter.php(927): App\Controllers\Base\Home->pengiriman()
#10 /var/www/html/CI4-adminLTE3-Auth-starter/vendor/codeigniter4/framework/system/CodeIgniter.php(482): CodeIgniter\CodeIgniter->runController()
#11 /var/www/html/CI4-adminLTE3-Auth-starter/vendor/codeigniter4/framework/system/CodeIgniter.php(351): CodeIgniter\CodeIgniter->handleRequest()
#12 /var/www/html/CI4-adminLTE3-Auth-starter/public/index.php(67): CodeIgniter\CodeIgniter->run()
#13 /var/www/html/CI4-adminLTE3-Auth-starter/vendor/codeigniter4/framework/system/Commands/Server/rewrite.php(46): require_once('...')
#14 {main}
CRITICAL - 2022-11-16 20:38:33 --> Unknown column 'lokasi' in 'field list'
in SYSTEMPATH/Database/MySQLi/Connection.php on line 292.
 1 SYSTEMPATH/Database/MySQLi/Connection.php(292): mysqli->query()
 2 SYSTEMPATH/Database/BaseConnection.php(666): CodeIgniter\Database\MySQLi\Connection->execute()
 3 SYSTEMPATH/Database/BaseConnection.php(593): CodeIgniter\Database\BaseConnection->simpleQuery()
 4 SYSTEMPATH/Database/BaseBuilder.php(1585): CodeIgniter\Database\BaseConnection->query()
 5 SYSTEMPATH/Model.php(185): CodeIgniter\Database\BaseBuilder->get()
 6 SYSTEMPATH/BaseModel.php(524): CodeIgniter\Model->doFind()
 7 SYSTEMPATH/Model.php(201): CodeIgniter\BaseModel->find()
 8 SYSTEMPATH/BaseModel.php(555): CodeIgniter\Model->doFindColumn()
 9 APPPATH/Controllers/Base/Home.php(282): CodeIgniter\BaseModel->findColumn()
10 SYSTEMPATH/CodeIgniter.php(927): App\Controllers\Base\Home->pengiriman()
11 SYSTEMPATH/CodeIgniter.php(482): CodeIgniter\CodeIgniter->runController()
12 SYSTEMPATH/CodeIgniter.php(351): CodeIgniter\CodeIgniter->handleRequest()
13 FCPATH/index.php(67): CodeIgniter\CodeIgniter->run()
14 SYSTEMPATH/Commands/Server/rewrite.php(46): require_once('FCPATH/index.php')
CRITICAL - 2022-11-16 20:43:55 --> count(): Argument #2 ($mode) must be either COUNT_NORMAL or COUNT_RECURSIVE
in APPPATH/Controllers/Base/Home.php on line 283.
 1 APPPATH/Controllers/Base/Home.php(283): count()
 2 SYSTEMPATH/CodeIgniter.php(927): App\Controllers\Base\Home->pengiriman()
 3 SYSTEMPATH/CodeIgniter.php(482): CodeIgniter\CodeIgniter->runController()
 4 SYSTEMPATH/CodeIgniter.php(351): CodeIgniter\CodeIgniter->handleRequest()
 5 FCPATH/index.php(67): CodeIgniter\CodeIgniter->run()
 6 SYSTEMPATH/Commands/Server/rewrite.php(46): require_once('FCPATH/index.php')
