CRITICAL - 2022-11-18 00:01:08 --> Invalid file: main/home.php
in SYSTEMPATH/Exceptions/FrameworkException.php on line 33.
 1 SYSTEMPATH/View/View.php(201): CodeIgniter\Exceptions\FrameworkException::forInvalidFile()
 2 SYSTEMPATH/Common.php(1134): CodeIgniter\View\View->render()
 3 APPPATH/Controllers/Base/Home.php(73): view()
 4 SYSTEMPATH/CodeIgniter.php(927): App\Controllers\Base\Home->home()
 5 SYSTEMPATH/CodeIgniter.php(482): CodeIgniter\CodeIgniter->runController()
 6 SYSTEMPATH/CodeIgniter.php(351): CodeIgniter\CodeIgniter->handleRequest()
 7 FCPATH/index.php(67): CodeIgniter\CodeIgniter->run()
 8 SYSTEMPATH/Commands/Server/rewrite.php(46): require_once('FCPATH/index.php')
CRITICAL - 2022-11-18 00:01:43 --> Undefined variable $accessibility
in APPPATH/Views/user/user.php on line 11.
 1 APPPATH/Views/user/user.php(11): CodeIgniter\Debug\Exceptions->errorHandler()
 2 SYSTEMPATH/View/View.php(213): include('APPPATH/Views/user/user.php')
 3 SYSTEMPATH/View/View.php(216): CodeIgniter\View\View->CodeIgniter\View\{closure}()
 4 SYSTEMPATH/Common.php(1134): CodeIgniter\View\View->render()
 5 APPPATH/Controllers/Base/Home.php(901): view()
 6 SYSTEMPATH/CodeIgniter.php(927): App\Controllers\Base\Home->add_user()
 7 SYSTEMPATH/CodeIgniter.php(482): CodeIgniter\CodeIgniter->runController()
 8 SYSTEMPATH/CodeIgniter.php(351): CodeIgniter\CodeIgniter->handleRequest()
 9 FCPATH/index.php(67): CodeIgniter\CodeIgniter->run()
10 SYSTEMPATH/Commands/Server/rewrite.php(46): require_once('FCPATH/index.php')
CRITICAL - 2022-11-18 00:01:52 --> ucfirst(): Passing null to parameter #1 ($string) of type string is deprecated
in APPPATH/Controllers/Base/Home.php on line 139.
 1 [internal function]: CodeIgniter\Debug\Exceptions->errorHandler()
 2 APPPATH/Controllers/Base/Home.php(139): ucfirst()
 3 SYSTEMPATH/CodeIgniter.php(927): App\Controllers\Base\Home->add_stok()
 4 SYSTEMPATH/CodeIgniter.php(482): CodeIgniter\CodeIgniter->runController()
 5 SYSTEMPATH/CodeIgniter.php(351): CodeIgniter\CodeIgniter->handleRequest()
 6 FCPATH/index.php(67): CodeIgniter\CodeIgniter->run()
 7 SYSTEMPATH/Commands/Server/rewrite.php(46): require_once('FCPATH/index.php')
CRITICAL - 2022-11-18 00:31:27 --> Undefined property: App\Controllers\Base\Barangmasuk::$session
in APPPATH/Controllers/Base/Barangmasuk.php on line 27.
 1 APPPATH/Controllers/Base/Barangmasuk.php(27): CodeIgniter\Debug\Exceptions->errorHandler()
 2 SYSTEMPATH/CodeIgniter.php(927): App\Controllers\Base\Barangmasuk->barang_masuk()
 3 SYSTEMPATH/CodeIgniter.php(482): CodeIgniter\CodeIgniter->runController()
 4 SYSTEMPATH/CodeIgniter.php(351): CodeIgniter\CodeIgniter->handleRequest()
 5 FCPATH/index.php(67): CodeIgniter\CodeIgniter->run()
 6 SYSTEMPATH/Commands/Server/rewrite.php(46): require_once('FCPATH/index.php')
CRITICAL - 2022-11-18 00:31:28 --> Undefined property: App\Controllers\Base\Barangmasuk::$session
in APPPATH/Controllers/Base/Barangmasuk.php on line 27.
 1 APPPATH/Controllers/Base/Barangmasuk.php(27): CodeIgniter\Debug\Exceptions->errorHandler()
 2 SYSTEMPATH/CodeIgniter.php(927): App\Controllers\Base\Barangmasuk->barang_masuk()
 3 SYSTEMPATH/CodeIgniter.php(482): CodeIgniter\CodeIgniter->runController()
 4 SYSTEMPATH/CodeIgniter.php(351): CodeIgniter\CodeIgniter->handleRequest()
 5 FCPATH/index.php(67): CodeIgniter\CodeIgniter->run()
 6 SYSTEMPATH/Commands/Server/rewrite.php(46): require_once('FCPATH/index.php')
CRITICAL - 2022-11-18 00:31:28 --> Undefined property: App\Controllers\Base\Barangmasuk::$session
in APPPATH/Controllers/Base/Barangmasuk.php on line 27.
 1 APPPATH/Controllers/Base/Barangmasuk.php(27): CodeIgniter\Debug\Exceptions->errorHandler()
 2 SYSTEMPATH/CodeIgniter.php(927): App\Controllers\Base\Barangmasuk->barang_masuk()
 3 SYSTEMPATH/CodeIgniter.php(482): CodeIgniter\CodeIgniter->runController()
 4 SYSTEMPATH/CodeIgniter.php(351): CodeIgniter\CodeIgniter->handleRequest()
 5 FCPATH/index.php(67): CodeIgniter\CodeIgniter->run()
 6 SYSTEMPATH/Commands/Server/rewrite.php(46): require_once('FCPATH/index.php')
CRITICAL - 2022-11-18 00:31:29 --> Undefined property: App\Controllers\Base\Barangmasuk::$session
in APPPATH/Controllers/Base/Barangmasuk.php on line 27.
 1 APPPATH/Controllers/Base/Barangmasuk.php(27): CodeIgniter\Debug\Exceptions->errorHandler()
 2 SYSTEMPATH/CodeIgniter.php(927): App\Controllers\Base\Barangmasuk->barang_masuk()
 3 SYSTEMPATH/CodeIgniter.php(482): CodeIgniter\CodeIgniter->runController()
 4 SYSTEMPATH/CodeIgniter.php(351): CodeIgniter\CodeIgniter->handleRequest()
 5 FCPATH/index.php(67): CodeIgniter\CodeIgniter->run()
 6 SYSTEMPATH/Commands/Server/rewrite.php(46): require_once('FCPATH/index.php')
CRITICAL - 2022-11-18 00:31:29 --> Undefined property: App\Controllers\Base\Barangmasuk::$session
in APPPATH/Controllers/Base/Barangmasuk.php on line 27.
 1 APPPATH/Controllers/Base/Barangmasuk.php(27): CodeIgniter\Debug\Exceptions->errorHandler()
 2 SYSTEMPATH/CodeIgniter.php(927): App\Controllers\Base\Barangmasuk->barang_masuk()
 3 SYSTEMPATH/CodeIgniter.php(482): CodeIgniter\CodeIgniter->runController()
 4 SYSTEMPATH/CodeIgniter.php(351): CodeIgniter\CodeIgniter->handleRequest()
 5 FCPATH/index.php(67): CodeIgniter\CodeIgniter->run()
 6 SYSTEMPATH/Commands/Server/rewrite.php(46): require_once('FCPATH/index.php')
CRITICAL - 2022-11-18 00:31:30 --> Undefined property: App\Controllers\Base\Barangmasuk::$session
in APPPATH/Controllers/Base/Barangmasuk.php on line 27.
 1 APPPATH/Controllers/Base/Barangmasuk.php(27): CodeIgniter\Debug\Exceptions->errorHandler()
 2 SYSTEMPATH/CodeIgniter.php(927): App\Controllers\Base\Barangmasuk->barang_masuk()
 3 SYSTEMPATH/CodeIgniter.php(482): CodeIgniter\CodeIgniter->runController()
 4 SYSTEMPATH/CodeIgniter.php(351): CodeIgniter\CodeIgniter->handleRequest()
 5 FCPATH/index.php(67): CodeIgniter\CodeIgniter->run()
 6 SYSTEMPATH/Commands/Server/rewrite.php(46): require_once('FCPATH/index.php')
CRITICAL - 2022-11-18 01:11:05 --> Undefined variable $accessibility
in APPPATH/Views/_layouts/_partials/sidebar.php on line 126.
 1 APPPATH/Views/_layouts/_partials/sidebar.php(126): CodeIgniter\Debug\Exceptions->errorHandler()
 2 SYSTEMPATH/View/View.php(213): include('APPPATH/Views/_layouts/_partials/sidebar.php')
 3 SYSTEMPATH/View/View.php(216): CodeIgniter\View\View->CodeIgniter\View\{closure}()
 4 SYSTEMPATH/View/View.php(431): CodeIgniter\View\View->render()
 5 APPPATH/Views/_layouts/_layouts.php(32): CodeIgniter\View\View->include()
 6 SYSTEMPATH/View/View.php(213): include('APPPATH/Views/_layouts/_layouts.php')
 7 SYSTEMPATH/View/View.php(216): CodeIgniter\View\View->CodeIgniter\View\{closure}()
 8 SYSTEMPATH/View/View.php(229): CodeIgniter\View\View->render()
 9 SYSTEMPATH/Common.php(1134): CodeIgniter\View\View->render()
10 APPPATH/Controllers/Base/Home.php(240): view()
11 SYSTEMPATH/CodeIgniter.php(927): App\Controllers\Base\Home->contact()
12 SYSTEMPATH/CodeIgniter.php(482): CodeIgniter\CodeIgniter->runController()
13 SYSTEMPATH/CodeIgniter.php(351): CodeIgniter\CodeIgniter->handleRequest()
14 FCPATH/index.php(67): CodeIgniter\CodeIgniter->run()
15 SYSTEMPATH/Commands/Server/rewrite.php(46): require_once('FCPATH/index.php')
CRITICAL - 2022-11-18 21:26:12 --> Call to undefined function format_number()
in APPPATH/Views/stok/stok.php on line 51.
 1 SYSTEMPATH/View/View.php(213): include()
 2 SYSTEMPATH/View/View.php(216): CodeIgniter\View\View->CodeIgniter\View\{closure}()
 3 SYSTEMPATH/Common.php(1134): CodeIgniter\View\View->render()
 4 APPPATH/Controllers/Base/StokBarang.php(66): view()
 5 SYSTEMPATH/CodeIgniter.php(927): App\Controllers\Base\StokBarang->stok()
 6 SYSTEMPATH/CodeIgniter.php(482): CodeIgniter\CodeIgniter->runController()
 7 SYSTEMPATH/CodeIgniter.php(351): CodeIgniter\CodeIgniter->handleRequest()
 8 FCPATH/index.php(67): CodeIgniter\CodeIgniter->run()
 9 SYSTEMPATH/Commands/Server/rewrite.php(46): require_once('FCPATH/index.php')
CRITICAL - 2022-11-18 21:27:19 --> Undefined array key "qyt"
in APPPATH/Views/stok/stok.php on line 51.
 1 APPPATH/Views/stok/stok.php(51): CodeIgniter\Debug\Exceptions->errorHandler()
 2 SYSTEMPATH/View/View.php(213): include('APPPATH/Views/stok/stok.php')
 3 SYSTEMPATH/View/View.php(216): CodeIgniter\View\View->CodeIgniter\View\{closure}()
 4 SYSTEMPATH/Common.php(1134): CodeIgniter\View\View->render()
 5 APPPATH/Controllers/Base/StokBarang.php(66): view()
 6 SYSTEMPATH/CodeIgniter.php(927): App\Controllers\Base\StokBarang->stok()
 7 SYSTEMPATH/CodeIgniter.php(482): CodeIgniter\CodeIgniter->runController()
 8 SYSTEMPATH/CodeIgniter.php(351): CodeIgniter\CodeIgniter->handleRequest()
 9 FCPATH/index.php(67): CodeIgniter\CodeIgniter->run()
10 SYSTEMPATH/Commands/Server/rewrite.php(46): require_once('FCPATH/index.php')
CRITICAL - 2022-11-18 21:27:20 --> Undefined array key "qyt"
in APPPATH/Views/stok/stok.php on line 51.
 1 APPPATH/Views/stok/stok.php(51): CodeIgniter\Debug\Exceptions->errorHandler()
 2 SYSTEMPATH/View/View.php(213): include('APPPATH/Views/stok/stok.php')
 3 SYSTEMPATH/View/View.php(216): CodeIgniter\View\View->CodeIgniter\View\{closure}()
 4 SYSTEMPATH/Common.php(1134): CodeIgniter\View\View->render()
 5 APPPATH/Controllers/Base/StokBarang.php(66): view()
 6 SYSTEMPATH/CodeIgniter.php(927): App\Controllers\Base\StokBarang->stok()
 7 SYSTEMPATH/CodeIgniter.php(482): CodeIgniter\CodeIgniter->runController()
 8 SYSTEMPATH/CodeIgniter.php(351): CodeIgniter\CodeIgniter->handleRequest()
 9 FCPATH/index.php(67): CodeIgniter\CodeIgniter->run()
10 SYSTEMPATH/Commands/Server/rewrite.php(46): require_once('FCPATH/index.php')
CRITICAL - 2022-11-18 21:28:23 --> Undefined array key "qyt"
in APPPATH/Views/stok/stok.php on line 53.
 1 APPPATH/Views/stok/stok.php(53): CodeIgniter\Debug\Exceptions->errorHandler()
 2 SYSTEMPATH/View/View.php(213): include('APPPATH/Views/stok/stok.php')
 3 SYSTEMPATH/View/View.php(216): CodeIgniter\View\View->CodeIgniter\View\{closure}()
 4 SYSTEMPATH/Common.php(1134): CodeIgniter\View\View->render()
 5 APPPATH/Controllers/Base/StokBarang.php(66): view()
 6 SYSTEMPATH/CodeIgniter.php(927): App\Controllers\Base\StokBarang->stok()
 7 SYSTEMPATH/CodeIgniter.php(482): CodeIgniter\CodeIgniter->runController()
 8 SYSTEMPATH/CodeIgniter.php(351): CodeIgniter\CodeIgniter->handleRequest()
 9 FCPATH/index.php(67): CodeIgniter\CodeIgniter->run()
10 SYSTEMPATH/Commands/Server/rewrite.php(46): require_once('FCPATH/index.php')
CRITICAL - 2022-11-18 21:28:24 --> Undefined array key "qyt"
in APPPATH/Views/stok/stok.php on line 53.
 1 APPPATH/Views/stok/stok.php(53): CodeIgniter\Debug\Exceptions->errorHandler()
 2 SYSTEMPATH/View/View.php(213): include('APPPATH/Views/stok/stok.php')
 3 SYSTEMPATH/View/View.php(216): CodeIgniter\View\View->CodeIgniter\View\{closure}()
 4 SYSTEMPATH/Common.php(1134): CodeIgniter\View\View->render()
 5 APPPATH/Controllers/Base/StokBarang.php(66): view()
 6 SYSTEMPATH/CodeIgniter.php(927): App\Controllers\Base\StokBarang->stok()
 7 SYSTEMPATH/CodeIgniter.php(482): CodeIgniter\CodeIgniter->runController()
 8 SYSTEMPATH/CodeIgniter.php(351): CodeIgniter\CodeIgniter->handleRequest()
 9 FCPATH/index.php(67): CodeIgniter\CodeIgniter->run()
10 SYSTEMPATH/Commands/Server/rewrite.php(46): require_once('FCPATH/index.php')
CRITICAL - 2022-11-18 21:34:55 --> number_format(): Argument #1 ($num) must be of type float, stdClass given
in APPPATH/Controllers/Base/Home.php on line 220.
 1 APPPATH/Controllers/Base/Home.php(220): number_format()
 2 SYSTEMPATH/CodeIgniter.php(927): App\Controllers\Base\Home->get_stok()
 3 SYSTEMPATH/CodeIgniter.php(482): CodeIgniter\CodeIgniter->runController()
 4 SYSTEMPATH/CodeIgniter.php(351): CodeIgniter\CodeIgniter->handleRequest()
 5 FCPATH/index.php(67): CodeIgniter\CodeIgniter->run()
 6 SYSTEMPATH/Commands/Server/rewrite.php(46): require_once('FCPATH/index.php')
CRITICAL - 2022-11-18 21:35:01 --> number_format(): Argument #1 ($num) must be of type float, stdClass given
in APPPATH/Controllers/Base/Home.php on line 220.
 1 APPPATH/Controllers/Base/Home.php(220): number_format()
 2 SYSTEMPATH/CodeIgniter.php(927): App\Controllers\Base\Home->get_stok()
 3 SYSTEMPATH/CodeIgniter.php(482): CodeIgniter\CodeIgniter->runController()
 4 SYSTEMPATH/CodeIgniter.php(351): CodeIgniter\CodeIgniter->handleRequest()
 5 FCPATH/index.php(67): CodeIgniter\CodeIgniter->run()
 6 SYSTEMPATH/Commands/Server/rewrite.php(46): require_once('FCPATH/index.php')
CRITICAL - 2022-11-18 21:35:18 --> number_format(): Argument #1 ($num) must be of type float, stdClass given
in APPPATH/Controllers/Base/Home.php on line 220.
 1 APPPATH/Controllers/Base/Home.php(220): number_format()
 2 SYSTEMPATH/CodeIgniter.php(927): App\Controllers\Base\Home->get_stok()
 3 SYSTEMPATH/CodeIgniter.php(482): CodeIgniter\CodeIgniter->runController()
 4 SYSTEMPATH/CodeIgniter.php(351): CodeIgniter\CodeIgniter->handleRequest()
 5 FCPATH/index.php(67): CodeIgniter\CodeIgniter->run()
 6 SYSTEMPATH/Commands/Server/rewrite.php(46): require_once('FCPATH/index.php')
CRITICAL - 2022-11-18 21:35:22 --> number_format(): Argument #1 ($num) must be of type float, stdClass given
in APPPATH/Controllers/Base/Home.php on line 220.
 1 APPPATH/Controllers/Base/Home.php(220): number_format()
 2 SYSTEMPATH/CodeIgniter.php(927): App\Controllers\Base\Home->get_stok()
 3 SYSTEMPATH/CodeIgniter.php(482): CodeIgniter\CodeIgniter->runController()
 4 SYSTEMPATH/CodeIgniter.php(351): CodeIgniter\CodeIgniter->handleRequest()
 5 FCPATH/index.php(67): CodeIgniter\CodeIgniter->run()
 6 SYSTEMPATH/Commands/Server/rewrite.php(46): require_once('FCPATH/index.php')
CRITICAL - 2022-11-18 21:35:31 --> number_format(): Argument #1 ($num) must be of type float, stdClass given
in APPPATH/Controllers/Base/Home.php on line 220.
 1 APPPATH/Controllers/Base/Home.php(220): number_format()
 2 SYSTEMPATH/CodeIgniter.php(927): App\Controllers\Base\Home->get_stok()
 3 SYSTEMPATH/CodeIgniter.php(482): CodeIgniter\CodeIgniter->runController()
 4 SYSTEMPATH/CodeIgniter.php(351): CodeIgniter\CodeIgniter->handleRequest()
 5 FCPATH/index.php(67): CodeIgniter\CodeIgniter->run()
 6 SYSTEMPATH/Commands/Server/rewrite.php(46): require_once('FCPATH/index.php')
CRITICAL - 2022-11-18 21:36:13 --> number_format(): Argument #1 ($num) must be of type float, stdClass given
in APPPATH/Controllers/Base/Home.php on line 220.
 1 APPPATH/Controllers/Base/Home.php(220): number_format()
 2 SYSTEMPATH/CodeIgniter.php(927): App\Controllers\Base\Home->get_stok()
 3 SYSTEMPATH/CodeIgniter.php(482): CodeIgniter\CodeIgniter->runController()
 4 SYSTEMPATH/CodeIgniter.php(351): CodeIgniter\CodeIgniter->handleRequest()
 5 FCPATH/index.php(67): CodeIgniter\CodeIgniter->run()
 6 SYSTEMPATH/Commands/Server/rewrite.php(46): require_once('FCPATH/index.php')
CRITICAL - 2022-11-18 21:36:16 --> number_format(): Argument #1 ($num) must be of type float, stdClass given
in APPPATH/Controllers/Base/Home.php on line 220.
 1 APPPATH/Controllers/Base/Home.php(220): number_format()
 2 SYSTEMPATH/CodeIgniter.php(927): App\Controllers\Base\Home->get_stok()
 3 SYSTEMPATH/CodeIgniter.php(482): CodeIgniter\CodeIgniter->runController()
 4 SYSTEMPATH/CodeIgniter.php(351): CodeIgniter\CodeIgniter->handleRequest()
 5 FCPATH/index.php(67): CodeIgniter\CodeIgniter->run()
 6 SYSTEMPATH/Commands/Server/rewrite.php(46): require_once('FCPATH/index.php')
CRITICAL - 2022-11-18 21:38:19 --> number_format(): Argument #1 ($num) must be of type float, stdClass given
in APPPATH/Controllers/Base/Home.php on line 220.
 1 APPPATH/Controllers/Base/Home.php(220): number_format()
 2 SYSTEMPATH/CodeIgniter.php(927): App\Controllers\Base\Home->get_stok()
 3 SYSTEMPATH/CodeIgniter.php(482): CodeIgniter\CodeIgniter->runController()
 4 SYSTEMPATH/CodeIgniter.php(351): CodeIgniter\CodeIgniter->handleRequest()
 5 FCPATH/index.php(67): CodeIgniter\CodeIgniter->run()
 6 SYSTEMPATH/Commands/Server/rewrite.php(46): require_once('FCPATH/index.php')
CRITICAL - 2022-11-18 21:38:25 --> number_format(): Argument #1 ($num) must be of type float, stdClass given
in APPPATH/Controllers/Base/Home.php on line 220.
 1 APPPATH/Controllers/Base/Home.php(220): number_format()
 2 SYSTEMPATH/CodeIgniter.php(927): App\Controllers\Base\Home->get_stok()
 3 SYSTEMPATH/CodeIgniter.php(482): CodeIgniter\CodeIgniter->runController()
 4 SYSTEMPATH/CodeIgniter.php(351): CodeIgniter\CodeIgniter->handleRequest()
 5 FCPATH/index.php(67): CodeIgniter\CodeIgniter->run()
 6 SYSTEMPATH/Commands/Server/rewrite.php(46): require_once('FCPATH/index.php')
CRITICAL - 2022-11-18 21:38:39 --> number_format(): Argument #1 ($num) must be of type float, stdClass given
in APPPATH/Controllers/Base/Home.php on line 220.
 1 APPPATH/Controllers/Base/Home.php(220): number_format()
 2 SYSTEMPATH/CodeIgniter.php(927): App\Controllers\Base\Home->get_stok()
 3 SYSTEMPATH/CodeIgniter.php(482): CodeIgniter\CodeIgniter->runController()
 4 SYSTEMPATH/CodeIgniter.php(351): CodeIgniter\CodeIgniter->handleRequest()
 5 FCPATH/index.php(67): CodeIgniter\CodeIgniter->run()
 6 SYSTEMPATH/Commands/Server/rewrite.php(46): require_once('FCPATH/index.php')
CRITICAL - 2022-11-18 22:10:25 --> Undefined variable $title
in APPPATH/Views/dashboard/_partials/breadcrumb/breadcrumb.php on line 5.
 1 APPPATH/Views/dashboard/_partials/breadcrumb/breadcrumb.php(5): CodeIgniter\Debug\Exceptions->errorHandler()
 2 SYSTEMPATH/View/View.php(213): include('APPPATH/Views/dashboard/_partials/breadcrumb/breadcrumb.php')
 3 SYSTEMPATH/View/View.php(216): CodeIgniter\View\View->CodeIgniter\View\{closure}()
 4 SYSTEMPATH/View/View.php(431): CodeIgniter\View\View->render()
 5 APPPATH/Views/profil/profil.php(3): CodeIgniter\View\View->include()
 6 SYSTEMPATH/View/View.php(213): include('APPPATH/Views/profil/profil.php')
 7 SYSTEMPATH/View/View.php(216): CodeIgniter\View\View->CodeIgniter\View\{closure}()
 8 SYSTEMPATH/Common.php(1134): CodeIgniter\View\View->render()
 9 APPPATH/Controllers/Base/Home.php(232): view()
10 SYSTEMPATH/CodeIgniter.php(927): App\Controllers\Base\Home->profil()
11 SYSTEMPATH/CodeIgniter.php(482): CodeIgniter\CodeIgniter->runController()
12 SYSTEMPATH/CodeIgniter.php(351): CodeIgniter\CodeIgniter->handleRequest()
13 FCPATH/index.php(67): CodeIgniter\CodeIgniter->run()
14 SYSTEMPATH/Commands/Server/rewrite.php(46): require_once('FCPATH/index.php')
CRITICAL - 2022-11-18 22:10:37 --> Undefined variable $title
in APPPATH/Views/dashboard/_partials/breadcrumb/breadcrumb.php on line 5.
 1 APPPATH/Views/dashboard/_partials/breadcrumb/breadcrumb.php(5): CodeIgniter\Debug\Exceptions->errorHandler()
 2 SYSTEMPATH/View/View.php(213): include('APPPATH/Views/dashboard/_partials/breadcrumb/breadcrumb.php')
 3 SYSTEMPATH/View/View.php(216): CodeIgniter\View\View->CodeIgniter\View\{closure}()
 4 SYSTEMPATH/View/View.php(431): CodeIgniter\View\View->render()
 5 APPPATH/Views/profil/profil.php(3): CodeIgniter\View\View->include()
 6 SYSTEMPATH/View/View.php(213): include('APPPATH/Views/profil/profil.php')
 7 SYSTEMPATH/View/View.php(216): CodeIgniter\View\View->CodeIgniter\View\{closure}()
 8 SYSTEMPATH/Common.php(1134): CodeIgniter\View\View->render()
 9 APPPATH/Controllers/Base/Home.php(232): view()
10 SYSTEMPATH/CodeIgniter.php(927): App\Controllers\Base\Home->profil()
11 SYSTEMPATH/CodeIgniter.php(482): CodeIgniter\CodeIgniter->runController()
12 SYSTEMPATH/CodeIgniter.php(351): CodeIgniter\CodeIgniter->handleRequest()
13 FCPATH/index.php(67): CodeIgniter\CodeIgniter->run()
14 SYSTEMPATH/Commands/Server/rewrite.php(46): require_once('FCPATH/index.php')
CRITICAL - 2022-11-18 22:10:38 --> Undefined variable $title
in APPPATH/Views/dashboard/_partials/breadcrumb/breadcrumb.php on line 5.
 1 APPPATH/Views/dashboard/_partials/breadcrumb/breadcrumb.php(5): CodeIgniter\Debug\Exceptions->errorHandler()
 2 SYSTEMPATH/View/View.php(213): include('APPPATH/Views/dashboard/_partials/breadcrumb/breadcrumb.php')
 3 SYSTEMPATH/View/View.php(216): CodeIgniter\View\View->CodeIgniter\View\{closure}()
 4 SYSTEMPATH/View/View.php(431): CodeIgniter\View\View->render()
 5 APPPATH/Views/profil/profil.php(3): CodeIgniter\View\View->include()
 6 SYSTEMPATH/View/View.php(213): include('APPPATH/Views/profil/profil.php')
 7 SYSTEMPATH/View/View.php(216): CodeIgniter\View\View->CodeIgniter\View\{closure}()
 8 SYSTEMPATH/Common.php(1134): CodeIgniter\View\View->render()
 9 APPPATH/Controllers/Base/Home.php(232): view()
10 SYSTEMPATH/CodeIgniter.php(927): App\Controllers\Base\Home->profil()
11 SYSTEMPATH/CodeIgniter.php(482): CodeIgniter\CodeIgniter->runController()
12 SYSTEMPATH/CodeIgniter.php(351): CodeIgniter\CodeIgniter->handleRequest()
13 FCPATH/index.php(67): CodeIgniter\CodeIgniter->run()
14 SYSTEMPATH/Commands/Server/rewrite.php(46): require_once('FCPATH/index.php')
CRITICAL - 2022-11-18 22:10:39 --> Undefined variable $title
in APPPATH/Views/dashboard/_partials/breadcrumb/breadcrumb.php on line 5.
 1 APPPATH/Views/dashboard/_partials/breadcrumb/breadcrumb.php(5): CodeIgniter\Debug\Exceptions->errorHandler()
 2 SYSTEMPATH/View/View.php(213): include('APPPATH/Views/dashboard/_partials/breadcrumb/breadcrumb.php')
 3 SYSTEMPATH/View/View.php(216): CodeIgniter\View\View->CodeIgniter\View\{closure}()
 4 SYSTEMPATH/View/View.php(431): CodeIgniter\View\View->render()
 5 APPPATH/Views/profil/profil.php(3): CodeIgniter\View\View->include()
 6 SYSTEMPATH/View/View.php(213): include('APPPATH/Views/profil/profil.php')
 7 SYSTEMPATH/View/View.php(216): CodeIgniter\View\View->CodeIgniter\View\{closure}()
 8 SYSTEMPATH/Common.php(1134): CodeIgniter\View\View->render()
 9 APPPATH/Controllers/Base/Home.php(232): view()
10 SYSTEMPATH/CodeIgniter.php(927): App\Controllers\Base\Home->profil()
11 SYSTEMPATH/CodeIgniter.php(482): CodeIgniter\CodeIgniter->runController()
12 SYSTEMPATH/CodeIgniter.php(351): CodeIgniter\CodeIgniter->handleRequest()
13 FCPATH/index.php(67): CodeIgniter\CodeIgniter->run()
14 SYSTEMPATH/Commands/Server/rewrite.php(46): require_once('FCPATH/index.php')
CRITICAL - 2022-11-18 23:24:27 --> Undefined variable $brg
in APPPATH/Views/profil/profil.php on line 12.
 1 APPPATH/Views/profil/profil.php(12): CodeIgniter\Debug\Exceptions->errorHandler()
 2 SYSTEMPATH/View/View.php(213): include('APPPATH/Views/profil/profil.php')
 3 SYSTEMPATH/View/View.php(216): CodeIgniter\View\View->CodeIgniter\View\{closure}()
 4 SYSTEMPATH/Common.php(1134): CodeIgniter\View\View->render()
 5 APPPATH/Controllers/Base/Home.php(240): view()
 6 SYSTEMPATH/CodeIgniter.php(927): App\Controllers\Base\Home->profil()
 7 SYSTEMPATH/CodeIgniter.php(482): CodeIgniter\CodeIgniter->runController()
 8 SYSTEMPATH/CodeIgniter.php(351): CodeIgniter\CodeIgniter->handleRequest()
 9 FCPATH/index.php(67): CodeIgniter\CodeIgniter->run()
10 SYSTEMPATH/Commands/Server/rewrite.php(46): require_once('FCPATH/index.php')
CRITICAL - 2022-11-18 23:24:37 --> syntax error, unexpected token "[", expecting variable or "{" or "$"
in APPPATH/Views/profil/profil.php on line 12.
 1 SYSTEMPATH/View/View.php(216): CodeIgniter\View\View->CodeIgniter\View\{closure}()
 2 SYSTEMPATH/Common.php(1134): CodeIgniter\View\View->render()
 3 APPPATH/Controllers/Base/Home.php(240): view()
 4 SYSTEMPATH/CodeIgniter.php(927): App\Controllers\Base\Home->profil()
 5 SYSTEMPATH/CodeIgniter.php(482): CodeIgniter\CodeIgniter->runController()
 6 SYSTEMPATH/CodeIgniter.php(351): CodeIgniter\CodeIgniter->handleRequest()
 7 FCPATH/index.php(67): CodeIgniter\CodeIgniter->run()
 8 SYSTEMPATH/Commands/Server/rewrite.php(46): require_once('FCPATH/index.php')
CRITICAL - 2022-11-18 23:24:43 --> Array to string conversion
in APPPATH/Views/profil/profil.php on line 12.
 1 APPPATH/Views/profil/profil.php(12): CodeIgniter\Debug\Exceptions->errorHandler()
 2 SYSTEMPATH/View/View.php(213): include('APPPATH/Views/profil/profil.php')
 3 SYSTEMPATH/View/View.php(216): CodeIgniter\View\View->CodeIgniter\View\{closure}()
 4 SYSTEMPATH/Common.php(1134): CodeIgniter\View\View->render()
 5 APPPATH/Controllers/Base/Home.php(240): view()
 6 SYSTEMPATH/CodeIgniter.php(927): App\Controllers\Base\Home->profil()
 7 SYSTEMPATH/CodeIgniter.php(482): CodeIgniter\CodeIgniter->runController()
 8 SYSTEMPATH/CodeIgniter.php(351): CodeIgniter\CodeIgniter->handleRequest()
 9 FCPATH/index.php(67): CodeIgniter\CodeIgniter->run()
10 SYSTEMPATH/Commands/Server/rewrite.php(46): require_once('FCPATH/index.php')
CRITICAL - 2022-11-18 23:24:44 --> Array to string conversion
in SYSTEMPATH/View/View.php on line 213.
 1 SYSTEMPATH/View/View.php(213): CodeIgniter\Debug\Exceptions->errorHandler()
 2 SYSTEMPATH/View/View.php(213): include()
 3 SYSTEMPATH/View/View.php(216): CodeIgniter\View\View->CodeIgniter\View\{closure}()
 4 SYSTEMPATH/Common.php(1134): CodeIgniter\View\View->render()
 5 APPPATH/Controllers/Base/Home.php(240): view()
 6 SYSTEMPATH/CodeIgniter.php(927): App\Controllers\Base\Home->profil()
 7 SYSTEMPATH/CodeIgniter.php(482): CodeIgniter\CodeIgniter->runController()
 8 SYSTEMPATH/CodeIgniter.php(351): CodeIgniter\CodeIgniter->handleRequest()
 9 FCPATH/index.php(67): CodeIgniter\CodeIgniter->run()
10 SYSTEMPATH/Commands/Server/rewrite.php(46): require_once('FCPATH/index.php')
